<?xml version="1.0" encoding="UTF-8"?>
<testsuite xmlns:xsi="http://www.w3.org/2001/XMLSchema-instance" xsi:noNamespaceSchemaLocation="https://maven.apache.org/surefire/maven-surefire-plugin/xsd/surefire-test-report.xsd" name="TestSuite" time="39.93" tests="28" errors="0" skipped="0" failures="0">
  <properties>
    <property name="sun.desktop" value="windows"/>
    <property name="awt.toolkit" value="sun.awt.windows.WToolkit"/>
    <property name="java.specification.version" value="11"/>
    <property name="sun.cpu.isalist" value="amd64"/>
    <property name="sun.jnu.encoding" value="Cp1252"/>
    <property name="java.class.path" value="C:\Suneetha_Work\Automation\Maven\apache-maven-3.8.6\boot\plexus-classworlds-2.6.0.jar"/>
    <property name="java.vm.vendor" value="Oracle Corporation"/>
    <property name="sun.arch.data.model" value="64"/>
    <property name="user.variant" value=""/>
    <property name="java.vendor.url" value="https://openjdk.java.net/"/>
    <property name="user.timezone" value="Asia/Tokyo"/>
    <property name="maven.conf" value="C:\Suneetha_Work\Automation\Maven\apache-maven-3.8.6/conf"/>
    <property name="os.name" value="Windows 11"/>
    <property name="java.vm.specification.version" value="11"/>
    <property name="sun.java.launcher" value="SUN_STANDARD"/>
    <property name="user.country" value="GB"/>
    <property name="sun.boot.library.path" value="C:\Program Files\Java\jdk-11.0.16\bin"/>
    <property name="sun.java.command" value="org.codehaus.plexus.classworlds.launcher.Launcher clean install -Denv=uat"/>
    <property name="jdk.debug" value="release"/>
    <property name="maven.home" value="C:\Suneetha_Work\Automation\Maven\apache-maven-3.8.6"/>
    <property name="sun.cpu.endian" value="little"/>
    <property name="user.home" value="C:\Users\sunee"/>
    <property name="user.language" value="en"/>
    <property name="sun.stderr.encoding" value="cp850"/>
    <property name="java.specification.vendor" value="Oracle Corporation"/>
    <property name="java.version.date" value="2022-07-19"/>
    <property name="java.home" value="C:\Program Files\Java\jdk-11.0.16"/>
    <property name="file.separator" value="\"/>
    <property name="java.vm.compressedOopsMode" value="Zero based"/>
    <property name="line.separator" value="&#10;"/>
    <property name="sun.stdout.encoding" value="cp850"/>
    <property name="java.specification.name" value="Java Platform API Specification"/>
    <property name="java.vm.specification.vendor" value="Oracle Corporation"/>
    <property name="java.awt.graphicsenv" value="sun.awt.Win32GraphicsEnvironment"/>
    <property name="user.script" value=""/>
    <property name="sun.management.compiler" value="HotSpot 64-Bit Tiered Compilers"/>
    <property name="java.runtime.version" value="11.0.16+11-LTS-199"/>
    <property name="user.name" value="sunee"/>
    <property name="path.separator" value=";"/>
    <property name="os.version" value="10.0"/>
    <property name="java.runtime.name" value="Java(TM) SE Runtime Environment"/>
    <property name="file.encoding" value="Cp1252"/>
    <property name="guice.disable.misplaced.annotation.check" value="true"/>
    <property name="java.vm.name" value="Java HotSpot(TM) 64-Bit Server VM"/>
    <property name="java.vendor.version" value="18.9"/>
    <property name="java.vendor.url.bug" value="https://bugreport.java.com/bugreport/"/>
    <property name="java.io.tmpdir" value="C:\Users\sunee\AppData\Local\Temp\"/>
    <property name="java.version" value="11.0.16"/>
    <property name="user.dir" value="C:\Users\sunee\eclipse-workspace\March2023POMSeries"/>
    <property name="os.arch" value="amd64"/>
    <property name="maven.multiModuleProjectDirectory" value="C:\Users\sunee\eclipse-workspace\March2023POMSeries"/>
    <property name="java.vm.specification.name" value="Java Virtual Machine Specification"/>
    <property name="java.awt.printerjob" value="sun.awt.windows.WPrinterJob"/>
    <property name="env" value="uat"/>
    <property name="sun.os.patch.level" value=""/>
    <property name="java.library.path" value="C:\Program Files\Java\jdk-11.0.16\bin;C:\WINDOWS\Sun\Java\bin;C:\WINDOWS\system32;C:\WINDOWS;C:\Program Files\Java\jdk-11.0.16\bin;C:\WINDOWS\system32;C:\WINDOWS;C:\WINDOWS\System32\Wbem;C:\WINDOWS\System32\WindowsPowerShell\v1.0\;C:\WINDOWS\System32\OpenSSH\;C:\Program Files\dotnet\;C:\Suneetha_Work\Automation\Maven\apache-maven-3.8.6\bin;C:\Program Files\Common Files\Oracle\Java\javapath;C:\Suneetha_Work\Automation\Maven\apache-maven-3.8.6\bin;C:\Program Files\Git\bin;C:\Program Files\Git\cmd;C:\Users\sunee\AppData\Local\Microsoft\WindowsApps;C:\Users\sunee\AppData\Local\Box\Box Edit\;."/>
    <property name="java.vendor" value="Oracle Corporation"/>
    <property name="java.vm.info" value="mixed mode"/>
    <property name="java.vm.version" value="11.0.16+11-LTS-199"/>
    <property name="classworlds.conf" value="C:\Suneetha_Work\Automation\Maven\apache-maven-3.8.6\bin\m2.conf"/>
    <property name="sun.io.unicode.encoding" value="UnicodeLittle"/>
    <property name="library.jansi.path" value="C:\Suneetha_Work\Automation\Maven\apache-maven-3.8.6\lib\jansi-native"/>
    <property name="java.class.version" value="55.0"/>
  </properties>
  <testcase name="loginPageTitleTest" classname="com.qa.opencart.tests.LoginPageTest" time="0.034"/>
  <testcase name="getLoginPageURLTest" classname="com.qa.opencart.tests.LoginPageTest" time="0.07"/>
  <testcase name="isForgotPwdLinkExistTest" classname="com.qa.opencart.tests.LoginPageTest" time="0.103"/>
  <testcase name="accPageHeadersCountTest" classname="com.qa.opencart.tests.AccountsPageTest" time="0.054"/>
  <testcase name="loginTest" classname="com.qa.opencart.tests.LoginPageTest" time="0.105"/>
  <testcase name="accPageHeadersTest" classname="com.qa.opencart.tests.AccountsPageTest" time="0.14"/>
  <testcase name="accPageTitleTest" classname="com.qa.opencart.tests.AccountsPageTest" time="0.017"/>
  <testcase name="logoutLinkExistTest" classname="com.qa.opencart.tests.AccountsPageTest" time="0.059"/>
  <testcase name="searchTest" classname="com.qa.opencart.tests.AccountsPageTest" time="1.259"/>
  <testcase name="searchTest" classname="com.qa.opencart.tests.AccountsPageTest" time="0.032"/>
  <testcase name="searchTest" classname="com.qa.opencart.tests.AccountsPageTest" time="1.154"/>
  <testcase name="searchTest" classname="com.qa.opencart.tests.AccountsPageTest" time="0.636"/>
  <testcase name="productHeaderTest" classname="com.qa.opencart.tests.ProductInfoTest" time="1.087"/>
  <testcase name="productHeaderTest" classname="com.qa.opencart.tests.ProductInfoTest" time="1.005"/>
  <testcase name="productHeaderTest" classname="com.qa.opencart.tests.ProductInfoTest" time="2.605"/>
  <testcase name="productHeaderTest" classname="com.qa.opencart.tests.ProductInfoTest" time="1.883"/>
  <testcase name="productHeaderTest" classname="com.qa.opencart.tests.ProductInfoTest" time="2.234"/>
  <testcase name="productHeaderTest" classname="com.qa.opencart.tests.ProductInfoTest" time="2.351"/>
  <testcase name="userRegisterTest" classname="com.qa.opencart.tests.RegisterPageTest" time="0.4"/>
  <testcase name="userRegisterTest" classname="com.qa.opencart.tests.RegisterPageTest" time="2.235"/>
  <testcase name="userRegisterTest" classname="com.qa.opencart.tests.RegisterPageTest" time="1.57"/>
  <testcase name="productImagesCountTest" classname="com.qa.opencart.tests.ProductInfoTest" time="0.073"/>
  <testcase name="productImagesCountTest" classname="com.qa.opencart.tests.ProductInfoTest" time="2.206"/>
  <testcase name="productImagesCountTest" classname="com.qa.opencart.tests.ProductInfoTest" time="2.619"/>
  <testcase name="productImagesCountTest" classname="com.qa.opencart.tests.ProductInfoTest" time="2.279"/>
  <testcase name="productImagesCountTest" classname="com.qa.opencart.tests.ProductInfoTest" time="2.1"/>
  <testcase name="productImagesCountTest" classname="com.qa.opencart.tests.ProductInfoTest" time="2.162"/>
  <testcase name="productInfoTest" classname="com.qa.opencart.tests.ProductInfoTest" time="3.208"/>
</testsuite>