<?xml version="1.0" encoding="UTF-8"?>
<!-- Generated by org.testng.reporters.JUnitReportReporter -->
<testsuite hostname="SwechaAntara" failures="0" tests="13" name="com.qa.opencart.tests.ProductInfoTest" time="34.173" errors="0" timestamp="2023-09-02T07:47:47 JST" skipped="0">
  <testcase classname="com.qa.opencart.tests.ProductInfoTest" name="productImagesCountTest" time="2.440"/>
  <system-out/>
  <testcase classname="com.qa.opencart.tests.ProductInfoTest" name="productHeaderTest" time="2.998"/>
  <system-out/>
  <testcase classname="com.qa.opencart.tests.ProductInfoTest" name="productImagesCountTest" time="2.407"/>
  <system-out/>
  <testcase classname="com.qa.opencart.tests.ProductInfoTest" name="productImagesCountTest" time="2.447"/>
  <system-out/>
  <testcase classname="com.qa.opencart.tests.ProductInfoTest" name="productInfoTest" time="3.463"/>
  <system-out/>
  <testcase classname="com.qa.opencart.tests.ProductInfoTest" name="productHeaderTest" time="2.384"/>
  <system-out/>
  <testcase classname="com.qa.opencart.tests.ProductInfoTest" name="productHeaderTest" time="2.604"/>
  <system-out/>
  <testcase classname="com.qa.opencart.tests.ProductInfoTest" name="productHeaderTest" time="2.791"/>
  <system-out/>
  <testcase classname="com.qa.opencart.tests.ProductInfoTest" name="productImagesCountTest" time="2.481"/>
  <system-out/>
  <testcase classname="com.qa.opencart.tests.ProductInfoTest" name="productHeaderTest" time="2.450"/>
  <system-out/>
  <testcase classname="com.qa.opencart.tests.ProductInfoTest" name="productImagesCountTest" time="2.472"/>
  <system-out/>
  <testcase classname="com.qa.opencart.tests.ProductInfoTest" name="productImagesCountTest" time="2.309"/>
  <system-out/>
  <testcase classname="com.qa.opencart.tests.ProductInfoTest" name="productHeaderTest" time="2.927"/>
  <system-out/>
</testsuite> <!-- com.qa.opencart.tests.ProductInfoTest -->
