<?xml version="1.0" encoding="UTF-8"?>
<!-- Generated by org.testng.reporters.JUnitReportReporter -->
<testsuite hostname="SwechaAntara" failures="0" tests="13" name="com.qa.opencart.tests.ProductInfoTest" time="39.419" errors="0" timestamp="2023-08-24T12:39:41 JST" skipped="0">
  <testcase classname="com.qa.opencart.tests.ProductInfoTest" name="productImagesCountTest" time="2.743"/>
  <system-out/>
  <testcase classname="com.qa.opencart.tests.ProductInfoTest" name="productImagesCountTest" time="2.664"/>
  <system-out/>
  <testcase classname="com.qa.opencart.tests.ProductInfoTest" name="productImagesCountTest" time="3.061"/>
  <system-out/>
  <testcase classname="com.qa.opencart.tests.ProductInfoTest" name="productHeaderTest" time="3.203"/>
  <system-out/>
  <testcase classname="com.qa.opencart.tests.ProductInfoTest" name="productHeaderTest" time="3.176"/>
  <system-out/>
  <testcase classname="com.qa.opencart.tests.ProductInfoTest" name="productHeaderTest" time="2.902"/>
  <system-out/>
  <testcase classname="com.qa.opencart.tests.ProductInfoTest" name="productHeaderTest" time="3.705"/>
  <system-out/>
  <testcase classname="com.qa.opencart.tests.ProductInfoTest" name="productImagesCountTest" time="2.856"/>
  <system-out/>
  <testcase classname="com.qa.opencart.tests.ProductInfoTest" name="productImagesCountTest" time="2.880"/>
  <system-out/>
  <testcase classname="com.qa.opencart.tests.ProductInfoTest" name="productHeaderTest" time="3.056"/>
  <system-out/>
  <testcase classname="com.qa.opencart.tests.ProductInfoTest" name="productHeaderTest" time="2.661"/>
  <system-out/>
  <testcase classname="com.qa.opencart.tests.ProductInfoTest" name="productImagesCountTest" time="2.682"/>
  <system-out/>
  <testcase classname="com.qa.opencart.tests.ProductInfoTest" name="productInfoTest" time="3.830"/>
  <system-out/>
</testsuite> <!-- com.qa.opencart.tests.ProductInfoTest -->
