<?xml version="1.0" encoding="UTF-8"?>
<!-- Generated by org.testng.reporters.JUnitReportReporter -->
<testsuite hostname="SwechaAntara" failures="0" tests="4" name="com.qa.opencart.tests.LoginPageTest" time="4.052" errors="0" timestamp="2023-09-27T12:29:54 JST" skipped="0">
  <testcase classname="com.qa.opencart.tests.LoginPageTest" name="loginPageTitleTest" time="0.101"/>
  <system-out/>
  <testcase classname="com.qa.opencart.tests.LoginPageTest" name="getLoginPageURLTest" time="0.045"/>
  <system-out/>
  <testcase classname="com.qa.opencart.tests.LoginPageTest" name="isForgotPwdLinkExistTest" time="0.163"/>
  <system-out/>
  <testcase classname="com.qa.opencart.tests.LoginPageTest" name="loginTest" time="3.743"/>
  <system-out/>
</testsuite> <!-- com.qa.opencart.tests.LoginPageTest -->
