<?xml version="1.0" encoding="UTF-8"?>
<!-- Generated by org.testng.reporters.JUnitReportReporter -->
<testsuite hostname="SwechaAntara" failures="0" tests="4" name="com.qa.opencart.tests.LoginPageTest" time="2.351" errors="0" timestamp="2023-09-27T13:13:02 JST" skipped="0">
  <testcase classname="com.qa.opencart.tests.LoginPageTest" name="loginPageTitleTest" time="0.025"/>
  <system-out/>
  <testcase classname="com.qa.opencart.tests.LoginPageTest" name="getLoginPageURLTest" time="0.018"/>
  <system-out/>
  <testcase classname="com.qa.opencart.tests.LoginPageTest" name="isForgotPwdLinkExistTest" time="0.062"/>
  <system-out/>
  <testcase classname="com.qa.opencart.tests.LoginPageTest" name="loginTest" time="2.246"/>
  <system-out/>
</testsuite> <!-- com.qa.opencart.tests.LoginPageTest -->
