<?xml version="1.0" encoding="UTF-8"?>
<!-- Generated by org.testng.reporters.JUnitReportReporter -->
<testsuite hostname="SwechaAntara" failures="0" tests="4" name="com.qa.opencart.tests.LoginPageTest" time="2.816" errors="0" timestamp="2023-09-25T12:01:45 JST" skipped="0">
  <testcase classname="com.qa.opencart.tests.LoginPageTest" name="loginPageTitleTest" time="0.155"/>
  <system-out/>
  <testcase classname="com.qa.opencart.tests.LoginPageTest" name="getLoginPageURLTest" time="0.033"/>
  <system-out/>
  <testcase classname="com.qa.opencart.tests.LoginPageTest" name="isForgotPwdLinkExistTest" time="0.053"/>
  <system-out/>
  <testcase classname="com.qa.opencart.tests.LoginPageTest" name="loginTest" time="2.575"/>
  <system-out/>
</testsuite> <!-- com.qa.opencart.tests.LoginPageTest -->
