<?xml version="1.0" encoding="UTF-8"?>
<!-- Generated by org.testng.reporters.JUnitReportReporter -->
<testsuite hostname="SwechaAntara" failures="0" tests="13" name="com.qa.opencart.tests.ProductInfoTest" time="38.695" errors="0" timestamp="2023-08-23T15:35:25 JST" skipped="0">
  <testcase classname="com.qa.opencart.tests.ProductInfoTest" name="productImagesCountTest" time="2.652"/>
  <system-out/>
  <testcase classname="com.qa.opencart.tests.ProductInfoTest" name="productImagesCountTest" time="2.580"/>
  <system-out/>
  <testcase classname="com.qa.opencart.tests.ProductInfoTest" name="productHeaderTest" time="2.651"/>
  <system-out/>
  <testcase classname="com.qa.opencart.tests.ProductInfoTest" name="productInfoTest" time="3.968"/>
  <system-out/>
  <testcase classname="com.qa.opencart.tests.ProductInfoTest" name="productHeaderTest" time="2.841"/>
  <system-out/>
  <testcase classname="com.qa.opencart.tests.ProductInfoTest" name="productImagesCountTest" time="2.844"/>
  <system-out/>
  <testcase classname="com.qa.opencart.tests.ProductInfoTest" name="productImagesCountTest" time="3.415"/>
  <system-out/>
  <testcase classname="com.qa.opencart.tests.ProductInfoTest" name="productHeaderTest" time="3.198"/>
  <system-out/>
  <testcase classname="com.qa.opencart.tests.ProductInfoTest" name="productHeaderTest" time="2.412"/>
  <system-out/>
  <testcase classname="com.qa.opencart.tests.ProductInfoTest" name="productHeaderTest" time="4.349"/>
  <system-out/>
  <testcase classname="com.qa.opencart.tests.ProductInfoTest" name="productImagesCountTest" time="2.545"/>
  <system-out/>
  <testcase classname="com.qa.opencart.tests.ProductInfoTest" name="productHeaderTest" time="2.658"/>
  <system-out/>
  <testcase classname="com.qa.opencart.tests.ProductInfoTest" name="productImagesCountTest" time="2.582"/>
  <system-out/>
</testsuite> <!-- com.qa.opencart.tests.ProductInfoTest -->
