<?xml version="1.0" encoding="UTF-8"?>
<!-- Generated by org.testng.reporters.JUnitReportReporter -->
<testsuite hostname="SwechaAntara" failures="0" tests="13" name="com.qa.opencart.tests.ProductInfoTest" time="29.042" errors="0" timestamp="2023-09-25T12:01:45 JST" skipped="0">
  <testcase classname="com.qa.opencart.tests.ProductInfoTest" name="productHeaderTest" time="2.095"/>
  <system-out/>
  <testcase classname="com.qa.opencart.tests.ProductInfoTest" name="productImagesCountTest" time="2.109"/>
  <system-out/>
  <testcase classname="com.qa.opencart.tests.ProductInfoTest" name="productHeaderTest" time="2.230"/>
  <system-out/>
  <testcase classname="com.qa.opencart.tests.ProductInfoTest" name="productHeaderTest" time="2.278"/>
  <system-out/>
  <testcase classname="com.qa.opencart.tests.ProductInfoTest" name="productInfoTest" time="2.744"/>
  <system-out/>
  <testcase classname="com.qa.opencart.tests.ProductInfoTest" name="productImagesCountTest" time="2.009"/>
  <system-out/>
  <testcase classname="com.qa.opencart.tests.ProductInfoTest" name="productHeaderTest" time="2.297"/>
  <system-out/>
  <testcase classname="com.qa.opencart.tests.ProductInfoTest" name="productImagesCountTest" time="1.931"/>
  <system-out/>
  <testcase classname="com.qa.opencart.tests.ProductInfoTest" name="productHeaderTest" time="3.048"/>
  <system-out/>
  <testcase classname="com.qa.opencart.tests.ProductInfoTest" name="productHeaderTest" time="2.301"/>
  <system-out/>
  <testcase classname="com.qa.opencart.tests.ProductInfoTest" name="productImagesCountTest" time="2.012"/>
  <system-out/>
  <testcase classname="com.qa.opencart.tests.ProductInfoTest" name="productImagesCountTest" time="2.033"/>
  <system-out/>
  <testcase classname="com.qa.opencart.tests.ProductInfoTest" name="productImagesCountTest" time="1.955"/>
  <system-out/>
</testsuite> <!-- com.qa.opencart.tests.ProductInfoTest -->
