<?xml version="1.0" encoding="UTF-8"?>
<!-- Generated by org.testng.reporters.JUnitReportReporter -->
<testsuite hostname="SwechaAntara" failures="0" tests="1" name="com.qa.opencart.tests.ProductInfoTest" time="3.521" errors="0" timestamp="2023-08-17T11:38:24 JST" skipped="0">
  <testcase classname="com.qa.opencart.tests.ProductInfoTest" name="productInfoTest" time="3.521"/>
  <system-out/>
</testsuite> <!-- com.qa.opencart.tests.ProductInfoTest -->
