<?xml version="1.0" encoding="UTF-8"?>
<!-- Generated by org.testng.reporters.JUnitReportReporter -->
<testsuite hostname="SwechaAntara" failures="0" tests="1" name="com.qa.opencart.tests.ProductInfoTest" time="1.109" errors="0" timestamp="2023-07-25T06:36:53 JST" skipped="0">
  <testcase classname="com.qa.opencart.tests.ProductInfoTest" name="productHeaderTest" time="1.109"/>
  <system-out/>
</testsuite> <!-- com.qa.opencart.tests.ProductInfoTest -->
