<?xml version="1.0" encoding="UTF-8"?>
<!-- Generated by org.testng.reporters.JUnitReportReporter -->
<testsuite hostname="SwechaAntara" failures="0" tests="13" name="com.qa.opencart.tests.ProductInfoTest" time="31.162" errors="0" timestamp="2023-08-28T13:18:20 JST" skipped="0">
  <testcase classname="com.qa.opencart.tests.ProductInfoTest" name="productHeaderTest" time="2.282"/>
  <system-out/>
  <testcase classname="com.qa.opencart.tests.ProductInfoTest" name="productHeaderTest" time="2.352"/>
  <system-out/>
  <testcase classname="com.qa.opencart.tests.ProductInfoTest" name="productHeaderTest" time="2.233"/>
  <system-out/>
  <testcase classname="com.qa.opencart.tests.ProductInfoTest" name="productHeaderTest" time="2.621"/>
  <system-out/>
  <testcase classname="com.qa.opencart.tests.ProductInfoTest" name="productImagesCountTest" time="2.162"/>
  <system-out/>
  <testcase classname="com.qa.opencart.tests.ProductInfoTest" name="productInfoTest" time="3.207"/>
  <system-out/>
  <testcase classname="com.qa.opencart.tests.ProductInfoTest" name="productImagesCountTest" time="2.618"/>
  <system-out/>
  <testcase classname="com.qa.opencart.tests.ProductInfoTest" name="productHeaderTest" time="2.192"/>
  <system-out/>
  <testcase classname="com.qa.opencart.tests.ProductInfoTest" name="productHeaderTest" time="2.604"/>
  <system-out/>
  <testcase classname="com.qa.opencart.tests.ProductInfoTest" name="productImagesCountTest" time="2.099"/>
  <system-out/>
  <testcase classname="com.qa.opencart.tests.ProductInfoTest" name="productImagesCountTest" time="2.205"/>
  <system-out/>
  <testcase classname="com.qa.opencart.tests.ProductInfoTest" name="productImagesCountTest" time="2.308"/>
  <system-out/>
  <testcase classname="com.qa.opencart.tests.ProductInfoTest" name="productImagesCountTest" time="2.279"/>
  <system-out/>
</testsuite> <!-- com.qa.opencart.tests.ProductInfoTest -->
